FinalProject/Implementation/Sweet Touch/Builds/Android/app/build/intermediates/manifest_merge_blame_file/debug_Debug/manifest-merger-blame-debug_-debug-report.txt
1<?xml version="1.0" encoding="utf-8"?>
2<manifest xmlns:android="http://schemas.android.com/apk/res/android"
3    package="edu.berklee.avantroyer.multitouchsynth"
4    android:versionCode="1"
5    android:versionName="1.0.0" >
6
7    <uses-sdk
8        android:minSdkVersion="16"
8-->src/main/AndroidManifest.xml
9        android:targetSdkVersion="29" />
9-->src/main/AndroidManifest.xml
10
11    <supports-screens
11-->src/main/AndroidManifest.xml:5:3-6:51
12        android:anyDensity="true"
12-->src/main/AndroidManifest.xml:5:106-131
13        android:largeScreens="true"
13-->src/main/AndroidManifest.xml:5:78-105
14        android:normalScreens="true"
14-->src/main/AndroidManifest.xml:5:49-77
15        android:smallScreens="true"
15-->src/main/AndroidManifest.xml:5:21-48
16        android:xlargeScreens="true" />
16-->src/main/AndroidManifest.xml:6:21-49
17
18    <uses-permission android:name="android.permission.WRITE_EXTERNAL_STORAGE" />
18-->src/main/AndroidManifest.xml:7:3-78
18-->src/main/AndroidManifest.xml:7:20-76
19    <uses-permission android:name="android.permission.READ_EXTERNAL_STORAGE" />
19-->src/main/AndroidManifest.xml:8:3-77
19-->src/main/AndroidManifest.xml:8:20-75
20    <uses-permission android:name="android.permission.ACCESS_COARSE_LOCATION" />
20-->src/main/AndroidManifest.xml:9:3-78
20-->src/main/AndroidManifest.xml:9:20-76
21    <uses-permission android:name="android.permission.ACCESS_FINE_LOCATION" />
21-->src/main/AndroidManifest.xml:10:3-76
21-->src/main/AndroidManifest.xml:10:20-74
22    <uses-permission android:name="android.permission.BLUETOOTH_ADMIN" />
22-->src/main/AndroidManifest.xml:11:3-71
22-->src/main/AndroidManifest.xml:11:20-69
23    <uses-permission android:name="android.permission.BLUETOOTH" />
23-->src/main/AndroidManifest.xml:12:3-65
23-->src/main/AndroidManifest.xml:12:20-63
24    <uses-permission android:name="android.permission.CHANGE_WIFI_MULTICAST_STATE" />
24-->src/main/AndroidManifest.xml:13:3-83
24-->src/main/AndroidManifest.xml:13:20-81
25    <uses-permission android:name="android.permission.INTERNET" />
25-->src/main/AndroidManifest.xml:14:3-64
25-->src/main/AndroidManifest.xml:14:20-62
26
27    <application
27-->src/main/AndroidManifest.xml:15:3-24:17
28        android:name="com.rmsl.juce.JuceApp"
28-->src/main/AndroidManifest.xml:15:49-85
29        android:debuggable="true"
30        android:hardwareAccelerated="false"
30-->src/main/AndroidManifest.xml:15:86-121
31        android:label="@string/app_name"
31-->src/main/AndroidManifest.xml:15:16-48
32        android:testOnly="true" >
33        <activity
33-->src/main/AndroidManifest.xml:16:5-23:16
34            android:name="com.rmsl.juce.JuceActivity"
34-->src/main/AndroidManifest.xml:16:15-56
35            android:configChanges="keyboardHidden|orientation|screenSize"
35-->src/main/AndroidManifest.xml:16:90-151
36            android:exported="true"
36-->src/main/AndroidManifest.xml:18:15-38
37            android:hardwareAccelerated="true"
37-->src/main/AndroidManifest.xml:17:87-121
38            android:label="@string/app_name"
38-->src/main/AndroidManifest.xml:16:57-89
39            android:launchMode="singleTask"
39-->src/main/AndroidManifest.xml:17:55-86
40            android:screenOrientation="unspecified" >
40-->src/main/AndroidManifest.xml:17:15-54
41            <intent-filter>
41-->src/main/AndroidManifest.xml:19:7-22:23
42                <action android:name="android.intent.action.MAIN" />
42-->src/main/AndroidManifest.xml:20:9-60
42-->src/main/AndroidManifest.xml:20:17-58
43
44                <category android:name="android.intent.category.LAUNCHER" />
44-->src/main/AndroidManifest.xml:21:9-68
44-->src/main/AndroidManifest.xml:21:19-66
45            </intent-filter>
46        </activity>
47    </application>
48
49</manifest>